2013-08-29 15:22:29,592 [ 673894]   INFO - duler$ExecutionTimeCheckedTask - 50 ms execution limit failed for:com.intellij.util.Alarm$Request@3a26c9com.intellij.openapi.wm.impl.status.InfoAndProgressPanel$7@1c85f78,366 
2013-08-29 15:22:30,446 [ 674748]   INFO - j.compiler.server.BuildManager - BUILDER_PROCESS [stdout]: Build process started. Classpath: /opt/idea/lib/ecj-4.2.1.jar:/opt/idea/lib/optimizedFileManager.jar:/opt/idea/lib/forms_rt.jar:/opt/idea/lib/log4j.jar:/opt/idea/lib/jdom.jar:/opt/idea/lib/idea.jar:/opt/idea/lib/asm4-all.jar:/opt/idea/lib/nanoxml-2.2.3.jar:/opt/idea/lib/resources_en.jar:/opt/idea/lib/jna-utils.jar:/opt/idea/lib/oromatcher.jar:/opt/idea/lib/trove4j.jar:/opt/idea/lib/picocontainer.jar:/opt/idea/lib/protobuf-2.4.1.jar:/opt/idea/lib/openapi.jar:/opt/idea/lib/jps-server.jar:/opt/idea/lib/jna.jar:/opt/idea/lib/util.jar:/opt/idea/lib/jgoodies-forms.jar:/opt/idea/lib/annotations.jar:/opt/idea/lib/netty-3.6.2.Final.jar:/opt/idea/lib/idea_rt.jar:/opt/android-sdk/lib/tools.jar:/opt/idea/lib/guava-12.0.jar:/opt/idea/plugins/ant/lib/ant-jps-plugin.jar:/opt/idea/plugins/devkit/lib/jps/devkit-jps-plugin.jar:/opt/idea/plugins/uiDesigner/lib/jps/ui-designer-jps-plugin.jar:/opt/idea/plugins/IntelliLang/lib/intellilang-jps-plugin.jar:/opt/idea/plugins/Groovy/lib/groovy-jps-plugin.jar:/opt/idea/plugins/eclipse/lib/eclipse-jps-plugin.jar:/opt/idea/plugins/eclipse/lib/common-eclipse-util.jar:/opt/idea/plugins/maven/lib/maven-jps-plugin.jar:/opt/idea/plugins/maven/lib/maven3/plexus-utils-2.0.6.jar:/opt/idea/plugins/android/lib/jps/android-jps-plugin.jar:/opt/idea/plugins/android/lib/android-common.jar:/opt/idea/plugins/android/lib/android-rt.jar:/opt/idea/plugins/android/lib/sdklib.jar:/opt/idea/plugins/android/lib/common.jar:/opt/idea/plugins/android/lib/jarutils.jar:/opt/idea/plugins/android/lib/layoutlib_api.jar:/opt/idea/plugins/javaFX/lib/javaFX-jps-plugin.jar:/opt/idea/plugins/javaFX/lib/common-javaFX-plugin.jar 
2013-08-29 15:22:31,652 [ 675954]   INFO - lij.compiler.impl.CompilerUtil - 	COMPILATION FINISHED (BUILD PROCESS); Errors: 1; warnings: 0 took 4395 ms: 0 min 4sec 
2013-08-29 15:22:46,876 [ 691178]   INFO - duler$ExecutionTimeCheckedTask - 50 ms execution limit failed for:com.intellij.util.Alarm$Request@10b7a01com.intellij.ide.IdeTooltipManager$4@770345,120 
2013-08-29 15:22:48,109 [ 692411]   INFO - duler$ExecutionTimeCheckedTask - 50 ms execution limit failed for:com.intellij.util.Alarm$Request@1c633bdcom.intellij.ui.AbstractExpandableItemsHandler$7@16efbc0,215 
2013-08-29 15:22:48,236 [ 692538]   INFO - duler$ExecutionTimeCheckedTask - 50 ms execution limit failed for:com.intellij.util.Alarm$Request@1bbddd6com.intellij.ui.AbstractExpandableItemsHandler$7@e143db,116 
2013-08-29 15:22:49,912 [ 694214]   INFO - duler$ExecutionTimeCheckedTask - 50 ms execution limit failed for:com.intellij.util.Alarm$Request@1914a16FileEditorManagerUpdateQueue active=true scheduled=1,1463 
2013-08-29 15:22:51,135 [ 695437]   INFO - duler$ExecutionTimeCheckedTask - 50 ms execution limit failed for:com.intellij.util.Alarm$Request@1c0b9c3com.intellij.ui.AbstractExpandableItemsHandler$7@1e3e45f,233 
2013-08-29 15:23:12,664 [ 716966]   INFO - duler$ExecutionTimeCheckedTask - 50 ms execution limit failed for:com.intellij.util.Alarm$Request@127b8a0com.intellij.ide.IdeEventQueue$MyFireIdleRequest@2f063,969 
2013-08-29 15:23:17,314 [ 721616]   INFO - duler$ExecutionTimeCheckedTask - 50 ms execution limit failed for:com.intellij.util.Alarm$Request@c11c0fcom.intellij.ide.IdeEventQueue$2@1938de,1315 
2013-08-29 15:23:24,802 [ 729104]   INFO - duler$ExecutionTimeCheckedTask - 50 ms execution limit failed for:com.intellij.util.Alarm$Request@1fde9acom.intellij.openapi.wm.impl.status.StatusPanel$5@9b281d,230 
2013-08-29 15:23:40,744 [ 745046]   INFO - duler$ExecutionTimeCheckedTask - 50 ms execution limit failed for:com.intellij.util.Alarm$Request@21a1c1com.intellij.ide.IdeEventQueue$2@2b214,3430 
2013-08-29 15:23:43,146 [ 747448]   INFO - duler$ExecutionTimeCheckedTask - 50 ms execution limit failed for:com.intellij.util.Alarm$Request@2bfe10com.intellij.ide.IdeEventQueue$MyFireIdleRequest@2f063,481 
2013-08-29 15:23:52,386 [ 756688]   INFO - duler$ExecutionTimeCheckedTask - 50 ms execution limit failed for:com.intellij.util.Alarm$Request@84711ecom.intellij.openapi.vcs.changes.ChangesViewManager$10@11e9e2d,4421 
2013-08-29 15:23:54,913 [ 759215]   INFO - duler$ExecutionTimeCheckedTask - 50 ms execution limit failed for:com.intellij.util.Alarm$Request@1ee1435com.intellij.ui.DeferredIconImpl$RepaintScheduler$1@170dbf5,2146 
2013-08-29 15:23:55,538 [ 759840]   INFO - duler$ExecutionTimeCheckedTask - 50 ms execution limit failed for:com.intellij.util.Alarm$Request@963c74com.intellij.ui.AbstractExpandableItemsHandler$7@15b08e6,601 
2013-08-29 15:24:22,608 [ 786910]   INFO - duler$ExecutionTimeCheckedTask - 50 ms execution limit failed for:com.intellij.util.Alarm$Request@6635bcom.intellij.openapi.wm.impl.ToolWindowManagerImpl$2@14aab54,313 
2013-08-29 15:24:48,693 [ 812995]   INFO - duler$ExecutionTimeCheckedTask - 50 ms execution limit failed for:com.intellij.util.Alarm$Request@39f22corg.jetbrains.android.run.AvdComboBox$2@4a5d30,473 
2013-08-29 15:24:51,231 [ 815533]   INFO - ij.compiler.impl.CompileDriver - COMPILATION STARTED (BUILD PROCESS) 
2013-08-29 15:24:51,552 [ 815854]   INFO - j.compiler.server.BuildManager - BUILDER_PROCESS [stdout]: Build process started. Classpath: /opt/idea/lib/ecj-4.2.1.jar:/opt/idea/lib/optimizedFileManager.jar:/opt/idea/lib/forms_rt.jar:/opt/idea/lib/log4j.jar:/opt/idea/lib/jdom.jar:/opt/idea/lib/idea.jar:/opt/idea/lib/asm4-all.jar:/opt/idea/lib/nanoxml-2.2.3.jar:/opt/idea/lib/resources_en.jar:/opt/idea/lib/jna-utils.jar:/opt/idea/lib/oromatcher.jar:/opt/idea/lib/trove4j.jar:/opt/idea/lib/picocontainer.jar:/opt/idea/lib/protobuf-2.4.1.jar:/opt/idea/lib/openapi.jar:/opt/idea/lib/jps-server.jar:/opt/idea/lib/jna.jar:/opt/idea/lib/util.jar:/opt/idea/lib/jgoodies-forms.jar:/opt/idea/lib/annotations.jar:/opt/idea/lib/netty-3.6.2.Final.jar:/opt/idea/lib/idea_rt.jar:/opt/android-sdk/lib/tools.jar:/opt/idea/lib/guava-12.0.jar:/opt/idea/plugins/ant/lib/ant-jps-plugin.jar:/opt/idea/plugins/devkit/lib/jps/devkit-jps-plugin.jar:/opt/idea/plugins/uiDesigner/lib/jps/ui-designer-jps-plugin.jar:/opt/idea/plugins/IntelliLang/lib/intellilang-jps-plugin.jar:/opt/idea/plugins/Groovy/lib/groovy-jps-plugin.jar:/opt/idea/plugins/eclipse/lib/eclipse-jps-plugin.jar:/opt/idea/plugins/eclipse/lib/common-eclipse-util.jar:/opt/idea/plugins/maven/lib/maven-jps-plugin.jar:/opt/idea/plugins/maven/lib/maven3/plexus-utils-2.0.6.jar:/opt/idea/plugins/android/lib/jps/android-jps-plugin.jar:/opt/idea/plugins/android/lib/android-common.jar:/opt/idea/plugins/android/lib/android-rt.jar:/opt/idea/plugins/android/lib/sdklib.jar:/opt/idea/plugins/android/lib/common.jar:/opt/idea/plugins/android/lib/jarutils.jar:/opt/idea/plugins/android/lib/layoutlib_api.jar:/opt/idea/plugins/javaFX/lib/javaFX-jps-plugin.jar:/opt/idea/plugins/javaFX/lib/common-javaFX-plugin.jar 
2013-08-29 15:24:51,770 [ 816072]   INFO - lij.compiler.impl.CompilerUtil - 	COMPILATION FINISHED (BUILD PROCESS); Errors: 1; warnings: 0 took 525 ms: 0 min 0sec 
2013-08-29 15:24:55,876 [ 820178]   INFO - duler$ExecutionTimeCheckedTask - 50 ms execution limit failed for:com.intellij.util.Alarm$Request@e68d00com.intellij.ide.IdeTooltipManager$5@331d50,778 
2013-08-29 15:25:18,912 [ 843214]   INFO - duler$ExecutionTimeCheckedTask - 50 ms execution limit failed for:com.intellij.util.Alarm$Request@43231bcom.intellij.ide.IdeEventQueue$MyFireIdleRequest@2f063,1992 
2013-08-29 15:25:20,896 [ 845198]   INFO - duler$ExecutionTimeCheckedTask - 50 ms execution limit failed for:com.intellij.util.Alarm$Request@1d8edcecom.intellij.ide.IdeEventQueue$2@e483d2,170 
2013-08-29 15:25:24,111 [ 848413]   INFO - duler$ExecutionTimeCheckedTask - 50 ms execution limit failed for:com.intellij.util.Alarm$Request@12d7b53null,2340 
2013-08-29 15:25:33,160 [ 857462]   INFO - duler$ExecutionTimeCheckedTask - 50 ms execution limit failed for:com.intellij.util.Alarm$Request@152a53ecom.intellij.ui.AbstractExpandableItemsHandler$7@de9461,396 
2013-08-29 15:25:34,700 [ 859002]   INFO - duler$ExecutionTimeCheckedTask - 50 ms execution limit failed for:com.intellij.util.Alarm$Request@1824e70com.intellij.ide.IdeEventQueue$MyFireIdleRequest@2f063,786 
2013-08-29 15:25:41,090 [ 865392]   INFO - duler$ExecutionTimeCheckedTask - 50 ms execution limit failed for:com.intellij.util.Alarm$Request@15d9842null,388 
2013-08-29 15:25:41,184 [ 865486]   INFO - duler$ExecutionTimeCheckedTask - 50 ms execution limit failed for:com.intellij.util.Alarm$Request@1a3bcaanull,84 
2013-08-29 15:25:44,746 [ 869048]   INFO - a.repo.GitUntrackedFilesHolder - GitUntrackedFilesHolder: Index has changed, marking file:///store/home/Dropbox/projects/AmoviesParser recursively dirty 
2013-08-29 15:25:47,136 [ 871438]   INFO - duler$ExecutionTimeCheckedTask - 50 ms execution limit failed for:com.intellij.util.Alarm$Request@3f0608com.intellij.openapi.wm.impl.status.InfoAndProgressPanel$3$1@1a5019a,2109 
2013-08-29 15:26:01,588 [ 885890]   INFO - s.impl.stores.FileBasedStorage - Document was not loaded for $APP_CONFIG$/applicationLibraries.xml file is null 
2013-08-29 15:26:07,642 [ 891944]   INFO - duler$ExecutionTimeCheckedTask - 50 ms execution limit failed for:com.intellij.util.Alarm$Request@97f28acom.intellij.ide.navigationToolbar.NavBarUpdateQueue$1@602764,1632 
2013-08-29 15:26:09,892 [ 894194]   INFO - duler$ExecutionTimeCheckedTask - 50 ms execution limit failed for:com.intellij.util.Alarm$Request@cd886aFileTextField.UiUpdater active=true scheduled=0,811 
2013-08-29 15:26:14,977 [ 899279]   INFO - duler$ExecutionTimeCheckedTask - 50 ms execution limit failed for:com.intellij.util.Alarm$Request@19b2647com.intellij.openapi.options.ex.SingleConfigurableEditor$ApplyAction$1@ee336e,2599 
2013-08-29 15:26:19,632 [ 903934]   INFO - duler$ExecutionTimeCheckedTask - 50 ms execution limit failed for:com.intellij.util.Alarm$Request@d20677com.intellij.openapi.options.ex.SingleConfigurableEditor$ApplyAction$1@ee336e,365 
2013-08-29 15:26:48,888 [ 933190]   INFO - duler$ExecutionTimeCheckedTask - 50 ms execution limit failed for:com.intellij.util.Alarm$Request@11a6737com.intellij.openapi.options.ex.SingleConfigurableEditor$ApplyAction$1@ee336e,819 
2013-08-29 15:26:50,420 [ 934722]   INFO - duler$ExecutionTimeCheckedTask - 50 ms execution limit failed for:com.intellij.util.Alarm$Request@17c9986com.intellij.openapi.options.ex.SingleConfigurableEditor$ApplyAction$1@ee336e,1029 
2013-08-29 15:26:53,880 [ 938182]   INFO - duler$ExecutionTimeCheckedTask - 50 ms execution limit failed for:com.intellij.util.Alarm$Request@be4062com.intellij.openapi.options.ex.SingleConfigurableEditor$ApplyAction$1@ee336e,1956 
2013-08-29 15:26:54,838 [ 939140]   INFO - duler$ExecutionTimeCheckedTask - 50 ms execution limit failed for:com.intellij.util.Alarm$Request@1e11ff8com.intellij.ui.AbstractExpandableItemsHandler$7@f9e842,171 
2013-08-29 15:26:55,647 [ 939949]   INFO - duler$ExecutionTimeCheckedTask - 50 ms execution limit failed for:com.intellij.util.Alarm$Request@1fc1d7ecom.intellij.openapi.options.ex.SingleConfigurableEditor$ApplyAction$1@ee336e,488 
2013-08-29 15:27:04,348 [ 948650]   INFO - duler$ExecutionTimeCheckedTask - 50 ms execution limit failed for:com.intellij.util.Alarm$Request@f0d523com.intellij.ui.AbstractExpandableItemsHandler$7@13929d6,461 
2013-08-29 15:27:07,836 [ 952138]   INFO - duler$ExecutionTimeCheckedTask - 50 ms execution limit failed for:com.intellij.util.Alarm$Request@84c50ccom.intellij.openapi.options.ex.SingleConfigurableEditor$ApplyAction$1@ee336e,765 
2013-08-29 15:27:08,961 [ 953263]   INFO - duler$ExecutionTimeCheckedTask - 50 ms execution limit failed for:com.intellij.util.Alarm$Request@92551ccom.intellij.openapi.options.ex.SingleConfigurableEditor$ApplyAction$1@ee336e,623 
2013-08-29 15:27:09,749 [ 954051]   INFO - duler$ExecutionTimeCheckedTask - 50 ms execution limit failed for:com.intellij.util.Alarm$Request@7df660com.intellij.openapi.options.ex.SingleConfigurableEditor$ApplyAction$1@ee336e,286 
2013-08-29 15:27:30,910 [ 975212]   INFO - s.impl.stores.FileBasedStorage - Document was not loaded for $APP_CONFIG$/print.xml file is null 
2013-08-29 15:27:30,914 [ 975216]   INFO - s.impl.stores.FileBasedStorage - Document was not loaded for $APP_CONFIG$/emmet.xml file is null 
2013-08-29 15:28:04,677 [1008979]   INFO - duler$ExecutionTimeCheckedTask - 50 ms execution limit failed for:com.intellij.util.Alarm$Request@20a3d7OptionsSpotlight active=true scheduled=1,706 
2013-08-29 15:28:05,156 [1009458]   INFO - duler$ExecutionTimeCheckedTask - 50 ms execution limit failed for:com.intellij.util.Alarm$Request@b0d990OptionsSpotlight active=true scheduled=1,183 
2013-08-29 15:28:06,680 [1010982]   INFO - duler$ExecutionTimeCheckedTask - 50 ms execution limit failed for:com.intellij.util.Alarm$Request@d6b65bOptionsSpotlight active=true scheduled=1,1285 
2013-08-29 15:28:07,816 [1012118]   INFO - duler$ExecutionTimeCheckedTask - 50 ms execution limit failed for:com.intellij.util.Alarm$Request@1385890com.intellij.ide.navigationToolbar.NavBarUpdateQueue$1@602764,632 
2013-08-29 15:28:07,993 [1012295]   INFO - s.impl.stores.FileBasedStorage - Document was not loaded for $PROJECT_CONFIG_DIR$/templateLanguages.xml file is null 
2013-08-29 15:28:09,877 [1014179]   INFO - duler$ExecutionTimeCheckedTask - 50 ms execution limit failed for:com.intellij.util.Alarm$Request@5a0660null,1847 
2013-08-29 15:28:09,988 [1014290]   INFO - s.impl.stores.FileBasedStorage - Document was not loaded for $APP_CONFIG$/templateLanguages.xml file is null 
2013-08-29 15:28:23,924 [1028226]   INFO - duler$ExecutionTimeCheckedTask - 50 ms execution limit failed for:com.intellij.util.Alarm$Request@11782bfcom.intellij.ide.navigationToolbar.NavBarUpdateQueue$1@602764,74 
2013-08-29 15:28:25,813 [1030115]   INFO - duler$ExecutionTimeCheckedTask - 50 ms execution limit failed for:com.intellij.util.Alarm$Request@966dbdcom.intellij.codeInsight.daemon.impl.DaemonCodeAnalyzerImpl$11@1c52c62,895 
2013-08-29 15:28:42,389 [1046691]   INFO -    #org.jetbrains.io.WebServer - web server stopped 
2013-08-29 15:28:42,409 [1046711]   INFO - ins.android.sdk.AndroidSdkData - DDMLib terminated 
2013-08-29 15:28:42,410 [1046712]   INFO - il.indexing.FileBasedIndexImpl - START INDEX SHUTDOWN 
2013-08-29 15:29:14,881 [1079183]   INFO - il.indexing.FileBasedIndexImpl - END INDEX SHUTDOWN 
2013-08-29 15:29:14,888 [1079190]   INFO - stubs.SerializationManagerImpl - START StubSerializationManager SHUTDOWN 
2013-08-29 15:29:14,893 [1079195]   INFO - stubs.SerializationManagerImpl - END StubSerializationManager SHUTDOWN 
2013-08-29 15:29:15,562 [1079864]   INFO - .history.utils.LocalHistoryLog - Purging local history... 
2013-08-29 15:29:15,567 [1079869]   INFO - .history.utils.LocalHistoryLog - Local history storage successfully closed. 
2013-08-29 15:29:15,579 [1079881]   WARN - api.vfs.impl.local.FileWatcher - Watcher terminated. 
2013-08-29 15:29:15,611 [1079913]   WARN - ution.process.OSProcessHandler - Cannot kill process tree. Trying to destroy process using Java API. Cmdline:
null 
2013-08-29 15:29:15,612 [1079914]   INFO - newvfs.persistent.PersistentFS - VFS dispose started 
2013-08-29 15:29:15,614 [1079916]   INFO - newvfs.persistent.PersistentFS - VFS dispose completed 
2013-08-29 15:29:15,616 [1079918]   INFO -        #com.intellij.idea.Main - ------------------------------------------------------ IDE SHUTDOWN ------------------------------------------------------ 
